New log file opened at Mon Dec 07 01:32:55 EST 2015 by 9044@Darkmatter
Taking next connection to: 53868
New client attempting to connect on port: 53869-53868
  Address = /152.23.58.187:53868
This client on port 53869 has uuid 37d40a59-0ef5-4921-a7ca-95fa419c4ff3 configName play-fork-run humanReadableName Play Fork Run protocolVersion 1 featureTags Vector()
Connected Clients: play-fork-run-37d40a59-0ef5-4921-a7ca-95fa419c4ff3
Taking next connection to: 53868
New client attempting to connect on port: 54056-53868
  Address = /152.23.58.187:53868
Handshake exception on socket: 54056
sbt.impl.ipc.HandshakeException: Unable to perform handshake
	at sbt.impl.ipc.Peer.handshake(IPC.scala:46)
	at sbt.impl.ipc.MultiClientServer.<init>(IPC.scala:150)
	at sbt.server.SbtServerSocketHandler$$anon$1.run(SbtServerSocketHandler.scala:43)
Caused by: java.net.SocketException: Software caused connection abort: recv failed
	at java.net.SocketInputStream.socketRead0(Native Method)
	at java.net.SocketInputStream.socketRead(SocketInputStream.java:116)
	at java.net.SocketInputStream.read(SocketInputStream.java:170)
	at java.net.SocketInputStream.read(SocketInputStream.java:141)
	at java.io.BufferedInputStream.fill(BufferedInputStream.java:246)
	at java.io.BufferedInputStream.read(BufferedInputStream.java:265)
	at java.io.DataInputStream.readInt(DataInputStream.java:387)
	at sbt.impl.ipc.Peer.receive(IPC.scala:95)
	at sbt.impl.ipc.Peer.handshake(IPC.scala:49)
	... 2 more
Taking next connection to: 53868
New client attempting to connect on port: 54057-53868
  Address = /152.23.58.187:53868
This client on port 54057 has uuid 978d7a6e-1c6d-4908-9914-46ee2298bf3e configName play-fork-run humanReadableName Play Fork Run protocolVersion 1 featureTags Vector()
Connected Clients: play-fork-run-978d7a6e-1c6d-4908-9914-46ee2298bf3e
Taking next connection to: 53868
Checking to see if clients are empty...
No non-daemon clients connected after 3 min. Shutting down.
Server socket thread exiting.
0 clients open, will close them...
All client sockets have been closed.
Closing the 9044@Darkmatter logs at Mon Dec 07 01:38:38 EST 2015, goodbye.
